2025-06-14 16:14:16,950 - INFO - photo_importer - Application started
2025-06-14 16:24:47,692 - INFO - photo_importer - Application started
2025-06-14 18:56:44,625 - INFO - photo_importer - Application started
2025-06-16 19:18:10,359 - INFO - photo_importer - Application started
2025-06-16 19:26:46,058 - INFO - photo_importer - Photo Importer service started.
2025-06-16 19:26:46,058 - INFO - photo_importer - Watching for SD cards at: /test_media
2025-06-16 19:26:46,058 - INFO - photo_importer - Importing photos to: /test_output
2025-06-16 19:26:46,058 - INFO - photo_importer.file_utils - Scanning for media files in /test_media...
2025-06-16 19:26:46,077 - WARNING - photo_importer.date_extractor - Could not get EXIF CreateDate for DSC03562.JPG: Command '['exiftool', '-s3', '-d', '%Y-%m-%d %H:%M:%S', '-CreateDate', '/test_media/Untitled/DCIM/100MSDCF/DSC03562.JPG']' returned non-zero exit status 2.
2025-06-16 19:26:46,077 - WARNING - photo_importer.date_extractor - Falling back to filesystem mtime for DSC03562.JPG: 2025-06-13 19:27:50
2025-06-16 19:26:46,086 - INFO - photo_importer.file_utils - Copied DSC03562.JPG to /test_output/2025/06-13/DSC03562.JPG
2025-06-16 19:26:46,154 - WARNING - photo_importer.date_extractor - Could not get EXIF CreateDate for C0001.MP4: Command '['exiftool', '-s3', '-d', '%Y-%m-%d %H:%M:%S', '-CreateDate', '/test_media/Untitled/PRIVATE/M4ROOT/CLIP/C0001.MP4']' returned non-zero exit status 2.
2025-06-16 19:26:46,154 - WARNING - photo_importer.date_extractor - Falling back to filesystem mtime for C0001.MP4: 2025-06-13 19:27:42
2025-06-16 19:26:46,234 - INFO - photo_importer.file_utils - Copied C0001.MP4 to /test_output/2025/06-13/C0001.MP4
2025-06-16 19:26:46,237 - WARNING - photo_importer.date_extractor - Could not get EXIF CreateDate for C0001T01.JPG: Command '['exiftool', '-s3', '-d', '%Y-%m-%d %H:%M:%S', '-CreateDate', '/test_media/Untitled/PRIVATE/M4ROOT/THMBNL/C0001T01.JPG']' returned non-zero exit status 2.
2025-06-16 19:26:46,237 - WARNING - photo_importer.date_extractor - Falling back to filesystem mtime for C0001T01.JPG: 2025-06-13 19:27:32
2025-06-16 19:26:46,238 - INFO - photo_importer.file_utils - Copied C0001T01.JPG to /test_output/2025/06-13/C0001T01.JPG
2025-06-16 19:26:46,238 - INFO - photo_importer - Successfully imported 3 new files.
2025-06-16 19:27:46,241 - INFO - photo_importer.file_utils - Scanning for media files in /test_media...
2025-06-16 19:28:46,348 - INFO - photo_importer.file_utils - Scanning for media files in /test_media...
2025-06-16 19:29:46,447 - INFO - photo_importer.file_utils - Scanning for media files in /test_media...
2025-06-16 19:30:46,538 - INFO - photo_importer.file_utils - Scanning for media files in /test_media...
